<?xml version="1.0" encoding="UTF-8"?>
<testng-results ignored="0" total="2" passed="2" failed="0" skipped="0">
  <reporter-output>
  </reporter-output>
  <suite started-at="2023-09-05T23:24:06 ICT" name="Giang_01" finished-at="2023-09-05T23:28:52 ICT" duration-ms="286308">
    <groups>
    </groups>
    <test started-at="2023-09-05T23:24:06 ICT" name="Test_xml_firefox" finished-at="2023-09-05T23:27:02 ICT" duration-ms="176187">
      <class name="automation.testsuite.D18_Rise_Login_Test">
        <test-method is-config="true" signature="initDriver(java.lang.String)[pri:0, instance:automation.testsuite.D18_Rise_Login_Test@247310d0]" started-at="2023-09-05T23:24:06 ICT" name="initDriver" finished-at="2023-09-05T23:25:49 ICT" duration-ms="103654" status="PASS">
          <params>
            <param index="0">
              <value>
                <![CDATA[firefox]]>
              </value>
            </param>
          </params>
          <reporter-output>
          </reporter-output>
        </test-method> <!-- initDriver -->
        <test-method signature="loginsuccessfully()[pri:0, instance:automation.testsuite.D18_Rise_Login_Test@247310d0]" started-at="2023-09-05T23:25:50 ICT" name="loginsuccessfully" finished-at="2023-09-05T23:27:02 ICT" duration-ms="72456" status="PASS">
          <reporter-output>
          </reporter-output>
        </test-method> <!-- loginsuccessfully -->
      </class> <!-- automation.testsuite.D18_Rise_Login_Test -->
    </test> <!-- Test_xml_firefox -->
    <test started-at="2023-09-05T23:27:02 ICT" name="Test_xml_chorme" finished-at="2023-09-05T23:28:52 ICT" duration-ms="110012">
      <class name="automation.testsuite.D18_Rise_Login_Test">
        <test-method is-config="true" signature="initDriver(java.lang.String)[pri:0, instance:automation.testsuite.D18_Rise_Login_Test@6f204a1a]" started-at="2023-09-05T23:27:02 ICT" name="initDriver" finished-at="2023-09-05T23:28:29 ICT" duration-ms="86454" status="PASS">
          <params>
            <param index="0">
              <value>
                <![CDATA[chorme]]>
              </value>
            </param>
          </params>
          <reporter-output>
          </reporter-output>
        </test-method> <!-- initDriver -->
        <test-method signature="loginsuccessfully()[pri:0, instance:automation.testsuite.D18_Rise_Login_Test@6f204a1a]" started-at="2023-09-05T23:28:29 ICT" name="loginsuccessfully" finished-at="2023-09-05T23:28:52 ICT" duration-ms="23551" status="PASS">
          <reporter-output>
          </reporter-output>
        </test-method> <!-- loginsuccessfully -->
      </class> <!-- automation.testsuite.D18_Rise_Login_Test -->
    </test> <!-- Test_xml_chorme -->
  </suite> <!-- Giang_01 -->
</testng-results>
