<?xml version="1.0" encoding="UTF-8"?>
<testng-results ignored="0" total="1" passed="1" failed="0" skipped="0">
  <reporter-output>
  </reporter-output>
  <suite started-at="2023-08-18T14:25:14 ICT" name="Default suite" finished-at="2023-08-18T14:26:25 ICT" duration-ms="71659">
    <groups>
    </groups>
    <test started-at="2023-08-18T14:25:14 ICT" name="Default test" finished-at="2023-08-18T14:26:25 ICT" duration-ms="71659">
      <class name="automation.testsuite.Day14_HW_Alada_Editprofile_Test">
        <test-method is-config="true" signature="openApplication()[pri:0, instance:automation.testsuite.Day14_HW_Alada_Editprofile_Test@26abb146]" started-at="2023-08-18T14:25:14 ICT" name="openApplication" finished-at="2023-08-18T14:25:42 ICT" duration-ms="27675" status="PASS">
          <reporter-output>
          </reporter-output>
        </test-method> <!-- openApplication -->
        <test-method signature="edit_pass_successfully()[pri:0, instance:automation.testsuite.Day14_HW_Alada_Editprofile_Test@26abb146]" started-at="2023-08-18T14:25:42 ICT" name="edit_pass_successfully" finished-at="2023-08-18T14:26:25 ICT" duration-ms="43921" status="PASS">
          <reporter-output>
          </reporter-output>
        </test-method> <!-- edit_pass_successfully -->
      </class> <!-- automation.testsuite.Day14_HW_Alada_Editprofile_Test -->
    </test> <!-- Default test -->
  </suite> <!-- Default suite -->
</testng-results>
